[2026-07-10 08:03:43] httpx INFO: HTTP Request: GET http://localhost:8001/health "HTTP/1.1 200 OK"
[2026-07-10 08:04:43] httpx INFO: HTTP Request: GET http://localhost:8001/health "HTTP/1.1 200 OK"
[2026-07-10 08:05:43] httpx INFO: HTTP Request: GET http://localhost:8001/health "HTTP/1.1 200 OK"
[2026-07-10 08:06:43] httpx INFO: HTTP Request: GET http://localhost:8001/health "HTTP/1.1 200 OK"
[2026-07-10 08:07:43] httpx INFO: HTTP Request: GET http://localhost:8001/health "HTTP/1.1 200 OK"
[2026-07-10 08:08:43] httpx INFO: HTTP Request: GET http://localhost:8001/health "HTTP/1.1 200 OK"
[2026-07-10 08:09:43] httpx INFO: HTTP Request: GET http://localhost:8001/health "HTTP/1.1 200 OK"
[2026-07-10 08:10:44] httpx INFO: HTTP Request: GET http://localhost:8001/health "HTTP/1.1 200 OK"
[2026-07-10 08:11:44] httpx INFO: HTTP Request: GET http://localhost:8001/health "HTTP/1.1 200 OK"
[2026-07-10 08:12:44] httpx INFO: HTTP Request: GET http://localhost:8001/health "HTTP/1.1 200 OK"
[2026-07-10 08:13:44] httpx INFO: HTTP Request: GET http://localhost:8001/health "HTTP/1.1 200 OK"
[2026-07-10 08:14:44] httpx INFO: HTTP Request: GET http://localhost:8001/health "HTTP/1.1 200 OK"
[2026-07-10 08:15:44] httpx INFO: HTTP Request: GET http://localhost:8001/health "HTTP/1.1 200 OK"
[2026-07-10 08:16:44] httpx INFO: HTTP Request: GET http://localhost:8001/health "HTTP/1.1 200 OK"
[2026-07-10 08:17:44] httpx INFO: HTTP Request: GET http://localhost:8001/health "HTTP/1.1 200 OK"
[2026-07-10 08:18:44] httpx INFO: HTTP Request: GET http://localhost:8001/health "HTTP/1.1 200 OK"
[2026-07-10 08:19:44] httpx INFO: HTTP Request: GET http://localhost:8001/health "HTTP/1.1 200 OK"
[2026-07-10 08:20:45] httpx INFO: HTTP Request: GET http://localhost:8001/health "HTTP/1.1 200 OK"
[2026-07-10 08:21:45] httpx INFO: HTTP Request: GET http://localhost:8001/health "HTTP/1.1 200 OK"
[2026-07-10 08:22:45] httpx INFO: HTTP Request: GET http://localhost:8001/health "HTTP/1.1 200 OK"
[2026-07-10 08:23:45] httpx INFO: HTTP Request: GET http://localhost:8001/health "HTTP/1.1 200 OK"
[2026-07-10 08:24:45] httpx INFO: HTTP Request: GET http://localhost:8001/health "HTTP/1.1 200 OK"
[2026-07-10 08:25:45] httpx INFO: HTTP Request: GET http://localhost:8001/health "HTTP/1.1 200 OK"
[2026-07-10 08:26:45] httpx INFO: HTTP Request: GET http://localhost:8001/health "HTTP/1.1 200 OK"
[2026-07-10 08:27:45] httpx INFO: HTTP Request: GET http://localhost:8001/health "HTTP/1.1 200 OK"
[2026-07-10 08:28:45] httpx INFO: HTTP Request: GET http://localhost:8001/health "HTTP/1.1 200 OK"
[2026-07-10 08:29:45] httpx INFO: HTTP Request: GET http://localhost:8001/health "HTTP/1.1 200 OK"
[2026-07-10 08:30:46] httpx INFO: HTTP Request: GET http://localhost:8001/health "HTTP/1.1 200 OK"
[2026-07-10 08:31:46] httpx INFO: HTTP Request: GET http://localhost:8001/health "HTTP/1.1 200 OK"
[2026-07-10 08:32:46] httpx INFO: HTTP Request: GET http://localhost:8001/health "HTTP/1.1 200 OK"
[2026-07-10 08:33:46] httpx INFO: HTTP Request: GET http://localhost:8001/health "HTTP/1.1 200 OK"
[2026-07-10 08:34:46] httpx INFO: HTTP Request: GET http://localhost:8001/health "HTTP/1.1 200 OK"
[2026-07-10 08:35:46] httpx INFO: HTTP Request: GET http://localhost:8001/health "HTTP/1.1 200 OK"
[2026-07-10 08:36:46] httpx INFO: HTTP Request: GET http://localhost:8001/health "HTTP/1.1 200 OK"
[2026-07-10 08:37:46] httpx INFO: HTTP Request: GET http://localhost:8001/health "HTTP/1.1 200 OK"
[2026-07-10 08:38:46] httpx INFO: HTTP Request: GET http://localhost:8001/health "HTTP/1.1 200 OK"
[2026-07-10 08:39:47] httpx INFO: HTTP Request: GET http://localhost:8001/health "HTTP/1.1 200 OK"
[2026-07-10 08:40:47] httpx INFO: HTTP Request: GET http://localhost:8001/health "HTTP/1.1 200 OK"
[2026-07-10 08:41:47] httpx INFO: HTTP Request: GET http://localhost:8001/health "HTTP/1.1 200 OK"
[2026-07-10 08:42:47] httpx INFO: HTTP Request: GET http://localhost:8001/health "HTTP/1.1 200 OK"
[2026-07-10 08:43:47] httpx INFO: HTTP Request: GET http://localhost:8001/health "HTTP/1.1 200 OK"
[2026-07-10 08:44:47] httpx INFO: HTTP Request: GET http://localhost:8001/health "HTTP/1.1 200 OK"
[2026-07-10 08:45:47] httpx INFO: HTTP Request: GET http://localhost:8001/health "HTTP/1.1 200 OK"
[2026-07-10 08:46:47] httpx INFO: HTTP Request: GET http://localhost:8001/health "HTTP/1.1 200 OK"
[2026-07-10 08:47:47] httpx INFO: HTTP Request: GET http://localhost:8001/health "HTTP/1.1 200 OK"
[2026-07-10 08:48:47] httpx INFO: HTTP Request: GET http://localhost:8001/health "HTTP/1.1 200 OK"
[2026-07-10 08:49:48] httpx INFO: HTTP Request: GET http://localhost:8001/health "HTTP/1.1 200 OK"
[2026-07-10 08:50:48] httpx INFO: HTTP Request: GET http://localhost:8001/health "HTTP/1.1 200 OK"
[2026-07-10 08:51:48] httpx INFO: HTTP Request: GET http://localhost:8001/health "HTTP/1.1 200 OK"
[2026-07-10 08:52:48] httpx INFO: HTTP Request: GET http://localhost:8001/health "HTTP/1.1 200 OK"
[2026-07-10 08:53:48] httpx INFO: HTTP Request: GET http://localhost:8001/health "HTTP/1.1 200 OK"
[2026-07-10 08:54:48] httpx INFO: HTTP Request: GET http://localhost:8001/health "HTTP/1.1 200 OK"
[2026-07-10 08:55:48] httpx INFO: HTTP Request: GET http://localhost:8001/health "HTTP/1.1 200 OK"
[2026-07-10 08:56:48] httpx INFO: HTTP Request: GET http://localhost:8001/health "HTTP/1.1 200 OK"
[2026-07-10 08:57:48] httpx INFO: HTTP Request: GET http://localhost:8001/health "HTTP/1.1 200 OK"
[2026-07-10 08:57:49] httpx INFO: HTTP Request: GET https://api.github.com/repos/guxinling520/ombre-brain-backup/git/ref/heads/main "HTTP/1.1 200 OK"
[2026-07-10 08:57:49] httpx INFO: HTTP Request: GET https://api.github.com/repos/guxinling520/ombre-brain-backup/git/commits/72a2ee549e1e06da00f6b57305a772e345fc04a4 "HTTP/1.1 200 OK"
[2026-07-10 08:57:51] httpx INFO: HTTP Request: POST https://api.github.com/repos/guxinling520/ombre-brain-backup/git/trees "HTTP/1.1 201 Created"
[2026-07-10 08:57:53] httpx INFO: HTTP Request: POST https://api.github.com/repos/guxinling520/ombre-brain-backup/git/trees "HTTP/1.1 201 Created"
[2026-07-10 08:57:54] httpx INFO: HTTP Request: POST https://api.github.com/repos/guxinling520/ombre-brain-backup/git/trees "HTTP/1.1 201 Created"
[2026-07-10 08:57:55] httpx INFO: HTTP Request: POST https://api.github.com/repos/guxinling520/ombre-brain-backup/git/commits "HTTP/1.1 201 Created"
[2026-07-10 08:57:56] httpx INFO: HTTP Request: PATCH https://api.github.com/repos/guxinling520/ombre-brain-backup/git/refs/heads/main "HTTP/1.1 200 OK"
[2026-07-10 08:57:56] ombre_brain INFO: [github_sync] auto-sync ok: 475 files
[2026-07-10 08:58:48] httpx INFO: HTTP Request: GET http://localhost:8001/health "HTTP/1.1 200 OK"
[2026-07-10 08:59:49] httpx INFO: HTTP Request: GET http://localhost:8001/health "HTTP/1.1 200 OK"
[2026-07-10 09:00:49] httpx INFO: HTTP Request: GET http://localhost:8001/health "HTTP/1.1 200 OK"
[2026-07-10 09:01:49] httpx INFO: HTTP Request: GET http://localhost:8001/health "HTTP/1.1 200 OK"
[2026-07-10 09:02:49] httpx INFO: HTTP Request: GET http://localhost:8001/health "HTTP/1.1 200 OK"
[2026-07-10 09:03:49] httpx INFO: HTTP Request: GET http://localhost:8001/health "HTTP/1.1 200 OK"
[2026-07-10 09:04:49] httpx INFO: HTTP Request: GET http://localhost:8001/health "HTTP/1.1 200 OK"
[2026-07-10 09:05:49] httpx INFO: HTTP Request: GET http://localhost:8001/health "HTTP/1.1 200 OK"
[2026-07-10 09:06:49] httpx INFO: HTTP Request: GET http://localhost:8001/health "HTTP/1.1 200 OK"
[2026-07-10 09:07:49] httpx INFO: HTTP Request: GET http://localhost:8001/health "HTTP/1.1 200 OK"
[2026-07-10 09:08:49] httpx INFO: HTTP Request: GET http://localhost:8001/health "HTTP/1.1 200 OK"
[2026-07-10 09:09:50] httpx INFO: HTTP Request: GET http://localhost:8001/health "HTTP/1.1 200 OK"
[2026-07-10 09:10:50] httpx INFO: HTTP Request: GET http://localhost:8001/health "HTTP/1.1 200 OK"
[2026-07-10 09:11:50] httpx INFO: HTTP Request: GET http://localhost:8001/health "HTTP/1.1 200 OK"
[2026-07-10 09:12:50] httpx INFO: HTTP Request: GET http://localhost:8001/health "HTTP/1.1 200 OK"
[2026-07-10 09:13:50] httpx INFO: HTTP Request: GET http://localhost:8001/health "HTTP/1.1 200 OK"
[2026-07-10 09:14:50] httpx INFO: HTTP Request: GET http://localhost:8001/health "HTTP/1.1 200 OK"
[2026-07-10 09:15:50] httpx INFO: HTTP Request: GET http://localhost:8001/health "HTTP/1.1 200 OK"
[2026-07-10 09:16:50] httpx INFO: HTTP Request: GET http://localhost:8001/health "HTTP/1.1 200 OK"
[2026-07-10 09:17:50] httpx INFO: HTTP Request: GET http://localhost:8001/health "HTTP/1.1 200 OK"
[2026-07-10 09:18:50] httpx INFO: HTTP Request: GET http://localhost:8001/health "HTTP/1.1 200 OK"
[2026-07-10 09:19:51] httpx INFO: HTTP Request: GET http://localhost:8001/health "HTTP/1.1 200 OK"
[2026-07-10 09:20:51] httpx INFO: HTTP Request: GET http://localhost:8001/health "HTTP/1.1 200 OK"
[2026-07-10 09:21:51] httpx INFO: HTTP Request: GET http://localhost:8001/health "HTTP/1.1 200 OK"
[2026-07-10 09:22:51] httpx INFO: HTTP Request: GET http://localhost:8001/health "HTTP/1.1 200 OK"
[2026-07-10 09:23:51] httpx INFO: HTTP Request: GET http://localhost:8001/health "HTTP/1.1 200 OK"
[2026-07-10 09:24:51] httpx INFO: HTTP Request: GET http://localhost:8001/health "HTTP/1.1 200 OK"
[2026-07-10 09:25:51] httpx INFO: HTTP Request: GET http://localhost:8001/health "HTTP/1.1 200 OK"
[2026-07-10 09:26:51] httpx INFO: HTTP Request: GET http://localhost:8001/health "HTTP/1.1 200 OK"
[2026-07-10 09:27:51] httpx INFO: HTTP Request: GET http://localhost:8001/health "HTTP/1.1 200 OK"
[2026-07-10 09:28:51] httpx INFO: HTTP Request: GET http://localhost:8001/health "HTTP/1.1 200 OK"
[2026-07-10 09:29:52] httpx INFO: HTTP Request: GET http://localhost:8001/health "HTTP/1.1 200 OK"
[2026-07-10 09:30:52] httpx INFO: HTTP Request: GET http://localhost:8001/health "HTTP/1.1 200 OK"
[2026-07-10 09:31:52] httpx INFO: HTTP Request: GET http://localhost:8001/health "HTTP/1.1 200 OK"
[2026-07-10 09:32:52] httpx INFO: HTTP Request: GET http://localhost:8001/health "HTTP/1.1 200 OK"
[2026-07-10 09:33:52] httpx INFO: HTTP Request: GET http://localhost:8001/health "HTTP/1.1 200 OK"
[2026-07-10 09:34:52] httpx INFO: HTTP Request: GET http://localhost:8001/health "HTTP/1.1 200 OK"
[2026-07-10 09:35:52] httpx INFO: HTTP Request: GET http://localhost:8001/health "HTTP/1.1 200 OK"
[2026-07-10 09:36:52] httpx INFO: HTTP Request: GET http://localhost:8001/health "HTTP/1.1 200 OK"
[2026-07-10 09:37:52] httpx INFO: HTTP Request: GET http://localhost:8001/health "HTTP/1.1 200 OK"
[2026-07-10 09:38:52] httpx INFO: HTTP Request: GET http://localhost:8001/health "HTTP/1.1 200 OK"
[2026-07-10 09:39:53] httpx INFO: HTTP Request: GET http://localhost:8001/health "HTTP/1.1 200 OK"
[2026-07-10 09:40:53] httpx INFO: HTTP Request: GET http://localhost:8001/health "HTTP/1.1 200 OK"
[2026-07-10 09:41:53] httpx INFO: HTTP Request: GET http://localhost:8001/health "HTTP/1.1 200 OK"
[2026-07-10 09:42:53] httpx INFO: HTTP Request: GET http://localhost:8001/health "HTTP/1.1 200 OK"
[2026-07-10 09:43:53] httpx INFO: HTTP Request: GET http://localhost:8001/health "HTTP/1.1 200 OK"
[2026-07-10 09:44:53] httpx INFO: HTTP Request: GET http://localhost:8001/health "HTTP/1.1 200 OK"
[2026-07-10 09:45:53] httpx INFO: HTTP Request: GET http://localhost:8001/health "HTTP/1.1 200 OK"
[2026-07-10 09:46:53] httpx INFO: HTTP Request: GET http://localhost:8001/health "HTTP/1.1 200 OK"
[2026-07-10 09:47:53] httpx INFO: HTTP Request: GET http://localhost:8001/health "HTTP/1.1 200 OK"
[2026-07-10 09:48:53] httpx INFO: HTTP Request: GET http://localhost:8001/health "HTTP/1.1 200 OK"
[2026-07-10 09:49:54] httpx INFO: HTTP Request: GET http://localhost:8001/health "HTTP/1.1 200 OK"
[2026-07-10 09:50:54] httpx INFO: HTTP Request: GET http://localhost:8001/health "HTTP/1.1 200 OK"
[2026-07-10 09:51:54] httpx INFO: HTTP Request: GET http://localhost:8001/health "HTTP/1.1 200 OK"
[2026-07-10 09:52:54] httpx INFO: HTTP Request: GET http://localhost:8001/health "HTTP/1.1 200 OK"
[2026-07-10 09:53:54] httpx INFO: HTTP Request: GET http://localhost:8001/health "HTTP/1.1 200 OK"
[2026-07-10 09:54:54] httpx INFO: HTTP Request: GET http://localhost:8001/health "HTTP/1.1 200 OK"
[2026-07-10 09:55:54] httpx INFO: HTTP Request: GET http://localhost:8001/health "HTTP/1.1 200 OK"
[2026-07-10 09:56:54] httpx INFO: HTTP Request: GET http://localhost:8001/health "HTTP/1.1 200 OK"
[2026-07-10 09:57:54] httpx INFO: HTTP Request: GET http://localhost:8001/health "HTTP/1.1 200 OK"
[2026-07-10 09:57:58] httpx INFO: HTTP Request: GET https://api.github.com/repos/guxinling520/ombre-brain-backup/git/ref/heads/main "HTTP/1.1 200 OK"
[2026-07-10 09:57:59] httpx INFO: HTTP Request: GET https://api.github.com/repos/guxinling520/ombre-brain-backup/git/commits/78f39c680ea8b59c958444d4f61565fa2f7826f9 "HTTP/1.1 200 OK"
[2026-07-10 09:58:00] httpx INFO: HTTP Request: POST https://api.github.com/repos/guxinling520/ombre-brain-backup/git/trees "HTTP/1.1 201 Created"
[2026-07-10 09:58:02] httpx INFO: HTTP Request: POST https://api.github.com/repos/guxinling520/ombre-brain-backup/git/trees "HTTP/1.1 201 Created"
[2026-07-10 09:58:03] httpx INFO: HTTP Request: POST https://api.github.com/repos/guxinling520/ombre-brain-backup/git/trees "HTTP/1.1 201 Created"
[2026-07-10 09:58:04] httpx INFO: HTTP Request: POST https://api.github.com/repos/guxinling520/ombre-brain-backup/git/commits "HTTP/1.1 201 Created"
[2026-07-10 09:58:06] httpx INFO: HTTP Request: PATCH https://api.github.com/repos/guxinling520/ombre-brain-backup/git/refs/heads/main "HTTP/1.1 200 OK"
[2026-07-10 09:58:06] ombre_brain INFO: [github_sync] auto-sync ok: 475 files
[2026-07-10 09:58:54] httpx INFO: HTTP Request: GET http://localhost:8001/health "HTTP/1.1 200 OK"
[2026-07-10 09:59:55] httpx INFO: HTTP Request: GET http://localhost:8001/health "HTTP/1.1 200 OK"
[2026-07-10 10:00:55] httpx INFO: HTTP Request: GET http://localhost:8001/health "HTTP/1.1 200 OK"
[2026-07-10 10:01:55] httpx INFO: HTTP Request: GET http://localhost:8001/health "HTTP/1.1 200 OK"
[2026-07-10 10:02:55] httpx INFO: HTTP Request: GET http://localhost:8001/health "HTTP/1.1 200 OK"
[2026-07-10 10:03:55] httpx INFO: HTTP Request: GET http://localhost:8001/health "HTTP/1.1 200 OK"
[2026-07-10 10:04:55] httpx INFO: HTTP Request: GET http://localhost:8001/health "HTTP/1.1 200 OK"
[2026-07-10 10:05:55] httpx INFO: HTTP Request: GET http://localhost:8001/health "HTTP/1.1 200 OK"
[2026-07-10 10:06:55] httpx INFO: HTTP Request: GET http://localhost:8001/health "HTTP/1.1 200 OK"
[2026-07-10 10:07:55] httpx INFO: HTTP Request: GET http://localhost:8001/health "HTTP/1.1 200 OK"
[2026-07-10 10:08:56] httpx INFO: HTTP Request: GET http://localhost:8001/health "HTTP/1.1 200 OK"
[2026-07-10 10:09:56] httpx INFO: HTTP Request: GET http://localhost:8001/health "HTTP/1.1 200 OK"
[2026-07-10 10:10:56] httpx INFO: HTTP Request: GET http://localhost:8001/health "HTTP/1.1 200 OK"
[2026-07-10 10:11:56] httpx INFO: HTTP Request: GET http://localhost:8001/health "HTTP/1.1 200 OK"
[2026-07-10 10:12:56] httpx INFO: HTTP Request: GET http://localhost:8001/health "HTTP/1.1 200 OK"
[2026-07-10 10:13:56] httpx INFO: HTTP Request: GET http://localhost:8001/health "HTTP/1.1 200 OK"
[2026-07-10 10:14:56] httpx INFO: HTTP Request: GET http://localhost:8001/health "HTTP/1.1 200 OK"
[2026-07-10 10:15:56] httpx INFO: HTTP Request: GET http://localhost:8001/health "HTTP/1.1 200 OK"
[2026-07-10 10:16:56] httpx INFO: HTTP Request: GET http://localhost:8001/health "HTTP/1.1 200 OK"
[2026-07-10 10:17:56] httpx INFO: HTTP Request: GET http://localhost:8001/health "HTTP/1.1 200 OK"
[2026-07-10 10:18:57] httpx INFO: HTTP Request: GET http://localhost:8001/health "HTTP/1.1 200 OK"
[2026-07-10 10:19:57] httpx INFO: HTTP Request: GET http://localhost:8001/health "HTTP/1.1 200 OK"
[2026-07-10 10:20:57] httpx INFO: HTTP Request: GET http://localhost:8001/health "HTTP/1.1 200 OK"
[2026-07-10 10:21:57] httpx INFO: HTTP Request: GET http://localhost:8001/health "HTTP/1.1 200 OK"
[2026-07-10 10:22:57] httpx INFO: HTTP Request: GET http://localhost:8001/health "HTTP/1.1 200 OK"
[2026-07-10 10:23:57] httpx INFO: HTTP Request: GET http://localhost:8001/health "HTTP/1.1 200 OK"
[2026-07-10 10:24:57] httpx INFO: HTTP Request: GET http://localhost:8001/health "HTTP/1.1 200 OK"
[2026-07-10 10:25:57] httpx INFO: HTTP Request: GET http://localhost:8001/health "HTTP/1.1 200 OK"
[2026-07-10 10:26:57] httpx INFO: HTTP Request: GET http://localhost:8001/health "HTTP/1.1 200 OK"
[2026-07-10 10:27:58] httpx INFO: HTTP Request: GET http://localhost:8001/health "HTTP/1.1 200 OK"
[2026-07-10 10:28:58] httpx INFO: HTTP Request: GET http://localhost:8001/health "HTTP/1.1 200 OK"
[2026-07-10 10:29:58] httpx INFO: HTTP Request: GET http://localhost:8001/health "HTTP/1.1 200 OK"
[2026-07-10 10:30:58] httpx INFO: HTTP Request: GET http://localhost:8001/health "HTTP/1.1 200 OK"
[2026-07-10 10:31:58] httpx INFO: HTTP Request: GET http://localhost:8001/health "HTTP/1.1 200 OK"
[2026-07-10 10:32:58] httpx INFO: HTTP Request: GET http://localhost:8001/health "HTTP/1.1 200 OK"
[2026-07-10 10:33:58] httpx INFO: HTTP Request: GET http://localhost:8001/health "HTTP/1.1 200 OK"
[2026-07-10 10:34:58] httpx INFO: HTTP Request: GET http://localhost:8001/health "HTTP/1.1 200 OK"
[2026-07-10 10:35:58] httpx INFO: HTTP Request: GET http://localhost:8001/health "HTTP/1.1 200 OK"
[2026-07-10 10:36:58] httpx INFO: HTTP Request: GET http://localhost:8001/health "HTTP/1.1 200 OK"
[2026-07-10 10:37:59] httpx INFO: HTTP Request: GET http://localhost:8001/health "HTTP/1.1 200 OK"
[2026-07-10 10:38:59] httpx INFO: HTTP Request: GET http://localhost:8001/health "HTTP/1.1 200 OK"
[2026-07-10 10:39:59] httpx INFO: HTTP Request: GET http://localhost:8001/health "HTTP/1.1 200 OK"
[2026-07-10 10:40:59] httpx INFO: HTTP Request: GET http://localhost:8001/health "HTTP/1.1 200 OK"
[2026-07-10 10:41:59] httpx INFO: HTTP Request: GET http://localhost:8001/health "HTTP/1.1 200 OK"
[2026-07-10 10:42:59] httpx INFO: HTTP Request: GET http://localhost:8001/health "HTTP/1.1 200 OK"
[2026-07-10 10:43:59] httpx INFO: HTTP Request: GET http://localhost:8001/health "HTTP/1.1 200 OK"
[2026-07-10 10:44:59] httpx INFO: HTTP Request: GET http://localhost:8001/health "HTTP/1.1 200 OK"
[2026-07-10 10:45:59] httpx INFO: HTTP Request: GET http://localhost:8001/health "HTTP/1.1 200 OK"
[2026-07-10 10:46:59] httpx INFO: HTTP Request: GET http://localhost:8001/health "HTTP/1.1 200 OK"
[2026-07-10 10:48:00] httpx INFO: HTTP Request: GET http://localhost:8001/health "HTTP/1.1 200 OK"
[2026-07-10 10:49:00] httpx INFO: HTTP Request: GET http://localhost:8001/health "HTTP/1.1 200 OK"
[2026-07-10 10:50:00] httpx INFO: HTTP Request: GET http://localhost:8001/health "HTTP/1.1 200 OK"
[2026-07-10 10:51:00] httpx INFO: HTTP Request: GET http://localhost:8001/health "HTTP/1.1 200 OK"
[2026-07-10 10:52:00] httpx INFO: HTTP Request: GET http://localhost:8001/health "HTTP/1.1 200 OK"
[2026-07-10 10:53:00] httpx INFO: HTTP Request: GET http://localhost:8001/health "HTTP/1.1 200 OK"
[2026-07-10 10:54:00] httpx INFO: HTTP Request: GET http://localhost:8001/health "HTTP/1.1 200 OK"
[2026-07-10 10:55:00] httpx INFO: HTTP Request: GET http://localhost:8001/health "HTTP/1.1 200 OK"
[2026-07-10 10:56:00] httpx INFO: HTTP Request: GET http://localhost:8001/health "HTTP/1.1 200 OK"
[2026-07-10 10:57:00] httpx INFO: HTTP Request: GET http://localhost:8001/health "HTTP/1.1 200 OK"
[2026-07-10 10:58:01] httpx INFO: HTTP Request: GET http://localhost:8001/health "HTTP/1.1 200 OK"
[2026-07-10 10:58:08] httpx INFO: HTTP Request: GET https://api.github.com/repos/guxinling520/ombre-brain-backup/git/ref/heads/main "HTTP/1.1 200 OK"
[2026-07-10 10:58:09] httpx INFO: HTTP Request: GET https://api.github.com/repos/guxinling520/ombre-brain-backup/git/commits/48e572a426cfb30deb73058c72eba68f19e39f31 "HTTP/1.1 200 OK"
[2026-07-10 10:58:10] httpx INFO: HTTP Request: POST https://api.github.com/repos/guxinling520/ombre-brain-backup/git/trees "HTTP/1.1 201 Created"
[2026-07-10 10:58:11] httpx INFO: HTTP Request: POST https://api.github.com/repos/guxinling520/ombre-brain-backup/git/trees "HTTP/1.1 201 Created"
[2026-07-10 10:58:13] httpx INFO: HTTP Request: POST https://api.github.com/repos/guxinling520/ombre-brain-backup/git/trees "HTTP/1.1 201 Created"
[2026-07-10 10:58:13] httpx INFO: HTTP Request: POST https://api.github.com/repos/guxinling520/ombre-brain-backup/git/commits "HTTP/1.1 201 Created"
[2026-07-10 10:58:14] httpx INFO: HTTP Request: PATCH https://api.github.com/repos/guxinling520/ombre-brain-backup/git/refs/heads/main "HTTP/1.1 200 OK"
[2026-07-10 10:58:14] ombre_brain INFO: [github_sync] auto-sync ok: 475 files
[2026-07-10 10:59:01] httpx INFO: HTTP Request: GET http://localhost:8001/health "HTTP/1.1 200 OK"
[2026-07-10 11:00:01] httpx INFO: HTTP Request: GET http://localhost:8001/health "HTTP/1.1 200 OK"
[2026-07-10 11:01:01] httpx INFO: HTTP Request: GET http://localhost:8001/health "HTTP/1.1 200 OK"
[2026-07-10 11:02:01] httpx INFO: HTTP Request: GET http://localhost:8001/health "HTTP/1.1 200 OK"
[2026-07-10 11:03:01] httpx INFO: HTTP Request: GET http://localhost:8001/health "HTTP/1.1 200 OK"
[2026-07-10 11:04:01] httpx INFO: HTTP Request: GET http://localhost:8001/health "HTTP/1.1 200 OK"
[2026-07-10 11:05:01] httpx INFO: HTTP Request: GET http://localhost:8001/health "HTTP/1.1 200 OK"
[2026-07-10 11:06:01] httpx INFO: HTTP Request: GET http://localhost:8001/health "HTTP/1.1 200 OK"
[2026-07-10 11:07:01] httpx INFO: HTTP Request: GET http://localhost:8001/health "HTTP/1.1 200 OK"
[2026-07-10 11:08:02] httpx INFO: HTTP Request: GET http://localhost:8001/health "HTTP/1.1 200 OK"
[2026-07-10 11:09:02] httpx INFO: HTTP Request: GET http://localhost:8001/health "HTTP/1.1 200 OK"
[2026-07-10 11:10:02] httpx INFO: HTTP Request: GET http://localhost:8001/health "HTTP/1.1 200 OK"
[2026-07-10 11:11:02] httpx INFO: HTTP Request: GET http://localhost:8001/health "HTTP/1.1 200 OK"
[2026-07-10 11:12:02] httpx INFO: HTTP Request: GET http://localhost:8001/health "HTTP/1.1 200 OK"
[2026-07-10 11:13:02] httpx INFO: HTTP Request: GET http://localhost:8001/health "HTTP/1.1 200 OK"
[2026-07-10 11:14:02] httpx INFO: HTTP Request: GET http://localhost:8001/health "HTTP/1.1 200 OK"
[2026-07-10 11:15:02] httpx INFO: HTTP Request: GET http://localhost:8001/health "HTTP/1.1 200 OK"
[2026-07-10 11:16:02] httpx INFO: HTTP Request: GET http://localhost:8001/health "HTTP/1.1 200 OK"
[2026-07-10 11:17:02] httpx INFO: HTTP Request: GET http://localhost:8001/health "HTTP/1.1 200 OK"
[2026-07-10 11:18:02] httpx INFO: HTTP Request: GET http://localhost:8001/health "HTTP/1.1 200 OK"
[2026-07-10 11:19:03] httpx INFO: HTTP Request: GET http://localhost:8001/health "HTTP/1.1 200 OK"
[2026-07-10 11:20:03] httpx INFO: HTTP Request: GET http://localhost:8001/health "HTTP/1.1 200 OK"
[2026-07-10 11:21:03] httpx INFO: HTTP Request: GET http://localhost:8001/health "HTTP/1.1 200 OK"
[2026-07-10 11:22:03] httpx INFO: HTTP Request: GET http://localhost:8001/health "HTTP/1.1 200 OK"
[2026-07-10 11:23:03] httpx INFO: HTTP Request: GET http://localhost:8001/health "HTTP/1.1 200 OK"
[2026-07-10 11:24:03] httpx INFO: HTTP Request: GET http://localhost:8001/health "HTTP/1.1 200 OK"
[2026-07-10 11:25:03] httpx INFO: HTTP Request: GET http://localhost:8001/health "HTTP/1.1 200 OK"
[2026-07-10 11:26:03] httpx INFO: HTTP Request: GET http://localhost:8001/health "HTTP/1.1 200 OK"
[2026-07-10 11:27:03] httpx INFO: HTTP Request: GET http://localhost:8001/health "HTTP/1.1 200 OK"
[2026-07-10 11:28:04] httpx INFO: HTTP Request: GET http://localhost:8001/health "HTTP/1.1 200 OK"
[2026-07-10 11:29:04] httpx INFO: HTTP Request: GET http://localhost:8001/health "HTTP/1.1 200 OK"
[2026-07-10 11:30:04] httpx INFO: HTTP Request: GET http://localhost:8001/health "HTTP/1.1 200 OK"
[2026-07-10 11:31:04] httpx INFO: HTTP Request: GET http://localhost:8001/health "HTTP/1.1 200 OK"
[2026-07-10 11:32:04] httpx INFO: HTTP Request: GET http://localhost:8001/health "HTTP/1.1 200 OK"
[2026-07-10 11:33:04] httpx INFO: HTTP Request: GET http://localhost:8001/health "HTTP/1.1 200 OK"
[2026-07-10 11:34:04] httpx INFO: HTTP Request: GET http://localhost:8001/health "HTTP/1.1 200 OK"
[2026-07-10 11:35:04] httpx INFO: HTTP Request: GET http://localhost:8001/health "HTTP/1.1 200 OK"
[2026-07-10 11:36:04] httpx INFO: HTTP Request: GET http://localhost:8001/health "HTTP/1.1 200 OK"
[2026-07-10 11:37:04] httpx INFO: HTTP Request: GET http://localhost:8001/health "HTTP/1.1 200 OK"
[2026-07-10 11:38:05] httpx INFO: HTTP Request: GET http://localhost:8001/health "HTTP/1.1 200 OK"
[2026-07-10 11:39:05] httpx INFO: HTTP Request: GET http://localhost:8001/health "HTTP/1.1 200 OK"
[2026-07-10 11:40:05] httpx INFO: HTTP Request: GET http://localhost:8001/health "HTTP/1.1 200 OK"
[2026-07-10 11:41:05] httpx INFO: HTTP Request: GET http://localhost:8001/health "HTTP/1.1 200 OK"
[2026-07-10 11:42:05] httpx INFO: HTTP Request: GET http://localhost:8001/health "HTTP/1.1 200 OK"
[2026-07-10 11:43:05] httpx INFO: HTTP Request: GET http://localhost:8001/health "HTTP/1.1 200 OK"
[2026-07-10 11:44:05] httpx INFO: HTTP Request: GET http://localhost:8001/health "HTTP/1.1 200 OK"
[2026-07-10 11:45:05] httpx INFO: HTTP Request: GET http://localhost:8001/health "HTTP/1.1 200 OK"
[2026-07-10 11:46:05] httpx INFO: HTTP Request: GET http://localhost:8001/health "HTTP/1.1 200 OK"
[2026-07-10 11:47:05] httpx INFO: HTTP Request: GET http://localhost:8001/health "HTTP/1.1 200 OK"
[2026-07-10 11:48:06] httpx INFO: HTTP Request: GET http://localhost:8001/health "HTTP/1.1 200 OK"
[2026-07-10 11:49:06] httpx INFO: HTTP Request: GET http://localhost:8001/health "HTTP/1.1 200 OK"
[2026-07-10 11:50:06] httpx INFO: HTTP Request: GET http://localhost:8001/health "HTTP/1.1 200 OK"
[2026-07-10 11:51:06] httpx INFO: HTTP Request: GET http://localhost:8001/health "HTTP/1.1 200 OK"
[2026-07-10 11:52:06] httpx INFO: HTTP Request: GET http://localhost:8001/health "HTTP/1.1 200 OK"
[2026-07-10 11:53:06] httpx INFO: HTTP Request: GET http://localhost:8001/health "HTTP/1.1 200 OK"
[2026-07-10 11:54:06] httpx INFO: HTTP Request: GET http://localhost:8001/health "HTTP/1.1 200 OK"
[2026-07-10 11:55:06] httpx INFO: HTTP Request: GET http://localhost:8001/health "HTTP/1.1 200 OK"
[2026-07-10 11:56:06] httpx INFO: HTTP Request: GET http://localhost:8001/health "HTTP/1.1 200 OK"
[2026-07-10 11:57:07] httpx INFO: HTTP Request: GET http://localhost:8001/health "HTTP/1.1 200 OK"
[2026-07-10 11:58:07] httpx INFO: HTTP Request: GET http://localhost:8001/health "HTTP/1.1 200 OK"
[2026-07-10 11:58:17] httpx INFO: HTTP Request: GET https://api.github.com/repos/guxinling520/ombre-brain-backup/git/ref/heads/main "HTTP/1.1 200 OK"
[2026-07-10 11:58:17] httpx INFO: HTTP Request: GET https://api.github.com/repos/guxinling520/ombre-brain-backup/git/commits/87b4833a9aa2e91c9da494982e156639c6e284be "HTTP/1.1 200 OK"
[2026-07-10 11:58:19] httpx INFO: HTTP Request: POST https://api.github.com/repos/guxinling520/ombre-brain-backup/git/trees "HTTP/1.1 201 Created"
[2026-07-10 11:58:21] httpx INFO: HTTP Request: POST https://api.github.com/repos/guxinling520/ombre-brain-backup/git/trees "HTTP/1.1 201 Created"
[2026-07-10 11:58:22] httpx INFO: HTTP Request: POST https://api.github.com/repos/guxinling520/ombre-brain-backup/git/trees "HTTP/1.1 201 Created"
[2026-07-10 11:58:22] httpx INFO: HTTP Request: POST https://api.github.com/repos/guxinling520/ombre-brain-backup/git/commits "HTTP/1.1 201 Created"
[2026-07-10 11:58:23] httpx INFO: HTTP Request: PATCH https://api.github.com/repos/guxinling520/ombre-brain-backup/git/refs/heads/main "HTTP/1.1 200 OK"
[2026-07-10 11:58:23] ombre_brain INFO: [github_sync] auto-sync ok: 475 files
[2026-07-10 11:59:07] httpx INFO: HTTP Request: GET http://localhost:8001/health "HTTP/1.1 200 OK"
